<?xml version="1.0" encoding="UTF-8"?>
<testsuite name="auto.sandbox.EquationTests" tests="6" skipped="0" failures="0" errors="0" timestamp="2019-12-10T03:21:58" hostname="LAPTOP-4CR0EI2L" time="0.0">
  <properties/>
  <testcase name="test0" classname="auto.sandbox.EquationTests" time="0.0"/>
  <testcase name="test1" classname="auto.sandbox.EquationTests" time="0.0"/>
  <testcase name="test2" classname="auto.sandbox.EquationTests" time="0.0"/>
  <testcase name="testConstant" classname="auto.sandbox.EquationTests" time="0.0"/>
  <testcase name="testLinear" classname="auto.sandbox.EquationTests" time="0.0"/>
  <testcase name="testZero" classname="auto.sandbox.EquationTests" time="0.0"/>
  <system-out><![CDATA[]]></system-out>
  <system-err><![CDATA[]]></system-err>
</testsuite>
