<?xml version="1.0" encoding="UTF-8"?>
<testsuite name="auto.sandbox.SquareTests" tests="1" skipped="0" failures="0" errors="0" timestamp="2019-12-04T03:26:14" hostname="LAPTOP-4CR0EI2L" time="0.004">
  <properties/>
  <testcase name="testArea" classname="auto.sandbox.SquareTests" time="0.004"/>
  <system-out><![CDATA[]]></system-out>
  <system-err><![CDATA[]]></system-err>
</testsuite>
