<?xml version="1.0" encoding="UTF-8"?>
<testsuite name="auto.addressbook.tests.GroupCreationTest" tests="1" skipped="0" failures="0" errors="0" timestamp="2019-12-10T06:58:32" hostname="LAPTOP-4CR0EI2L" time="9.921">
  <properties/>
  <testcase name="testGroupCreation" classname="auto.addressbook.tests.GroupCreationTest" time="9.921"/>
  <system-out><![CDATA[]]></system-out>
  <system-err><![CDATA[Started InternetExplorerDriver server (32-bit)
3.150.1.0
Listening on port 22506
Only local connections are allowed
Dec 09, 2019 11:58:33 PM org.openqa.selenium.remote.ProtocolHandshake createSession
INFO: Detected dialect: W3C
]]></system-err>
</testsuite>
